<?xml version="1.0" encoding="UTF-8"?>
<testsuite xmlns:xsi="http://www.w3.org/2001/XMLSchema-instance" xsi:noNamespaceSchemaLocation="https://maven.apache.org/surefire/maven-surefire-plugin/xsd/surefire-test-report-3.0.xsd" version="3.0" name="edu.brown.cs32.examples.moshiExample.WeatherAPITest" time="3.227" tests="3" errors="0" skipped="0" failures="0">
  <properties>
[...]
</properties>
  <testcase name="testDatasourceError" classname="edu.brown.cs32.examples.moshiExample.WeatherAPITest" time="2.317">
    <system-out><![CDATA[0
30
null
-91
word


]]></system-out>
    <system-err><![CDATA[SLF4J: Failed to load class "org.slf4j.impl.StaticLoggerBinder".
SLF4J: Defaulting to no-operation (NOP) logger implementation
SLF4J: See http://www.slf4j.org/codes.html#StaticLoggerBinder for further details.
]]></system-err>
  </testcase>
  <testcase name="testUnitDeserializer" classname="edu.brown.cs32.examples.moshiExample.WeatherAPITest" time="0.294"/>
  <testcase name="testValidRequests" classname="edu.brown.cs32.examples.moshiExample.WeatherAPITest" time="0.549">
    <system-out><![CDATA[39.7456
41.8267
37
]]></system-out>
  </testcase>
</testsuite>